<?xml version="1.0" encoding="UTF-8" ?>
<testsuite failures="0" time="0.173" errors="0" skipped="2" tests="12" name="craftDay.mindtap.RunCukesTest">
  <properties>
[...]
</properties>
  <testcase time="0" classname="Given I&apos;m in medical                   " name="Given I&apos;m in medical                   "/>
  <testcase time="0" classname="When I execute a search for cancer                    " name="When I execute a search for cancer                    "/>
  <testcase time="0.002" classname="Then I get Luke-emia                     " name="Then I get Luke-emia                     ">
    <skipped/>
  </testcase>
  <testcase time="0.002" classname="| medical | cancer | Luke-emia |                  " name="| medical | cancer | Luke-emia |                  "/>
  <testcase time="0" classname="Given I&apos;m in medical                       " name="Given I&apos;m in medical                       "/>
  <testcase time="0" classname="When I execute a search for acne                        " name="When I execute a search for acne                        "/>
  <testcase time="0.001" classname="Then I get pimple                         " name="Then I get pimple                         ">
    <skipped/>
  </testcase>
  <testcase time="0.001" classname="| medical | acne | pimple |                      " name="| medical | acne | pimple |                      "/>
  <testcase time="0" classname="Given not ready for prime time                           " name="Given not ready for prime time                           "/>
  <testcase time="0" classname="When unknown                            " name="When unknown                            "/>
  <testcase time="0" classname="Then yada                             " name="Then yada                             "/>
  <testcase time="0.001" classname="Scenario:                           " name="Scenario:                           "/>
</testsuite>